<?xml version="1.0" encoding="UTF-8"?>
<!-- Generated by org.testng.reporters.JUnitXMLReporter -->
<testsuite ignored="6" hostname="DESKTOP-NNG2UOE" failures="1" tests="1" name="Default test" time="34.731" errors="0" timestamp="2024-02-02T17:45:59 IST">
  <testcase classname="org.collegesuggestproject.HomePage_HeaderSection" name="engineering" time="25.162">
    <failure type="com.microsoft.playwright.PlaywrightException" message="Error {
  message=&amp;apos;Page closed
=========================== logs ===========================
waiting for locator(&amp;quot;xpath=//*[@id=&amp;apos;engineering-colleges-menu&amp;apos;]&amp;quot;)
============================================================
  name=&amp;apos;Error
  stack=&amp;apos;Error: Page closed
=========================== logs ===========================
waiting for locator(&amp;quot;xpath=//*[@id=&amp;apos;engineering-colleges-menu&amp;apos;]&amp;quot;)
============================================================
    at LongStandingScope._race (C:\Users\DIGITA~1\AppData\Local\Temp\playwright-java-6963494473526026391\package\lib\utils\manualPromise.js:96:51)
    at LongStandingScope.race (C:\Users\DIGITA~1\AppData\Local\Temp\playwright-java-6963494473526026391\package\lib\utils\manualPromise.js:87:17)
    at C:\Users\DIGITA~1\AppData\Local\Temp\playwright-java-6963494473526026391\package\lib\utils\manualPromise.js:84:43
    at Array.map (&amp;lt;anonymous&amp;gt;)
    at LongStandingScope.raceMultiple (C:\Users\DIGITA~1\AppData\Local\Temp\playwright-java-6963494473526026391\package\lib\utils\manualPromise.js:84:32)
    at Frame.retryWithProgressAndTimeouts (C:\Users\DIGITA~1\AppData\Local\Temp\playwright-java-6963494473526026391\package\lib\server\frames.js:907:40)
    at async ProgressController.run (C:\Users\DIGITA~1\AppData\Local\Temp\playwright-java-6963494473526026391\package\lib\server\progress.js:92:22)
    at async FrameDispatcher.innerText (C:\Users\DIGITA~1\AppData\Local\Temp\playwright-java-6963494473526026391\package\lib\server\dispatchers\frameDispatcher.js:182:14)
    at async DispatcherConnection.dispatch (C:\Users\DIGITA~1\AppData\Local\Temp\playwright-java-6963494473526026391\package\lib\server\dispatchers\dispatcher.js:313:22)
}">
      <![CDATA[com.microsoft.playwright.PlaywrightException: Error {
  message='Page closed
=========================== logs ===========================
waiting for locator("xpath=//*[@id='engineering-colleges-menu']")
============================================================
  name='Error
  stack='Error: Page closed
=========================== logs ===========================
waiting for locator("xpath=//*[@id='engineering-colleges-menu']")
============================================================
    at LongStandingScope._race (C:\Users\DIGITA~1\AppData\Local\Temp\playwright-java-6963494473526026391\package\lib\utils\manualPromise.js:96:51)
    at LongStandingScope.race (C:\Users\DIGITA~1\AppData\Local\Temp\playwright-java-6963494473526026391\package\lib\utils\manualPromise.js:87:17)
    at C:\Users\DIGITA~1\AppData\Local\Temp\playwright-java-6963494473526026391\package\lib\utils\manualPromise.js:84:43
    at Array.map (<anonymous>)
    at LongStandingScope.raceMultiple (C:\Users\DIGITA~1\AppData\Local\Temp\playwright-java-6963494473526026391\package\lib\utils\manualPromise.js:84:32)
    at Frame.retryWithProgressAndTimeouts (C:\Users\DIGITA~1\AppData\Local\Temp\playwright-java-6963494473526026391\package\lib\server\frames.js:907:40)
    at async ProgressController.run (C:\Users\DIGITA~1\AppData\Local\Temp\playwright-java-6963494473526026391\package\lib\server\progress.js:92:22)
    at async FrameDispatcher.innerText (C:\Users\DIGITA~1\AppData\Local\Temp\playwright-java-6963494473526026391\package\lib\server\dispatchers\frameDispatcher.js:182:14)
    at async DispatcherConnection.dispatch (C:\Users\DIGITA~1\AppData\Local\Temp\playwright-java-6963494473526026391\package\lib\server\dispatchers\dispatcher.js:313:22)
}
at com.microsoft.playwright.impl.WaitableResult.get(WaitableResult.java:54)
at com.microsoft.playwright.impl.ChannelOwner.runUntil(ChannelOwner.java:111)
at com.microsoft.playwright.impl.Connection.sendMessage(Connection.java:126)
at com.microsoft.playwright.impl.ChannelOwner.sendMessage(ChannelOwner.java:102)
at com.microsoft.playwright.impl.FrameImpl.innerTextImpl(FrameImpl.java:526)
at com.microsoft.playwright.impl.PageImpl.lambda$innerText$49(PageImpl.java:849)
at com.microsoft.playwright.impl.LoggingSupport.withLogging(LoggingSupport.java:47)
at com.microsoft.playwright.impl.ChannelOwner.withLogging(ChannelOwner.java:87)
at com.microsoft.playwright.impl.PageImpl.innerText(PageImpl.java:848)
at com.microsoft.playwright.Page.innerText(Page.java:5374)
at org.collegesuggestproject.HomePage_HeaderSection.engineering(HomePage_HeaderSection.java:45)
at java.base/jdk.internal.reflect.NativeMethodAccessorImpl.invoke0(Native Method)
at java.base/jdk.internal.reflect.NativeMethodAccessorImpl.invoke(NativeMethodAccessorImpl.java:77)
at java.base/jdk.internal.reflect.DelegatingMethodAccessorImpl.invoke(DelegatingMethodAccessorImpl.java:43)
at java.base/java.lang.reflect.Method.invoke(Method.java:568)
at org.testng.internal.MethodInvocationHelper.invokeMethod(MethodInvocationHelper.java:133)
at org.testng.internal.TestInvoker.invokeMethod(TestInvoker.java:598)
at org.testng.internal.TestInvoker.invokeTestMethod(TestInvoker.java:173)
at org.testng.internal.MethodRunner.runInSequence(MethodRunner.java:46)
at org.testng.internal.TestInvoker$MethodInvocationAgent.invoke(TestInvoker.java:824)
at org.testng.internal.TestInvoker.invokeTestMethods(TestInvoker.java:146)
at org.testng.internal.TestMethodWorker.invokeTestMethods(TestMethodWorker.java:146)
at org.testng.internal.TestMethodWorker.run(TestMethodWorker.java:128)
at java.base/java.util.ArrayList.forEach(ArrayList.java:1511)
at org.testng.TestRunner.privateRun(TestRunner.java:794)
at org.testng.TestRunner.run(TestRunner.java:596)
at org.testng.SuiteRunner.runTest(SuiteRunner.java:377)
at org.testng.SuiteRunner.runSequentially(SuiteRunner.java:371)
at org.testng.SuiteRunner.privateRun(SuiteRunner.java:332)
at org.testng.SuiteRunner.run(SuiteRunner.java:276)
at org.testng.SuiteRunnerWorker.runSuite(SuiteRunnerWorker.java:53)
at org.testng.SuiteRunnerWorker.run(SuiteRunnerWorker.java:96)
at org.testng.TestNG.runSuitesSequentially(TestNG.java:1212)
at org.testng.TestNG.runSuitesLocally(TestNG.java:1134)
at org.testng.TestNG.runSuites(TestNG.java:1063)
at org.testng.TestNG.run(TestNG.java:1031)
at org.testng.remote.AbstractRemoteTestNG.run(AbstractRemoteTestNG.java:115)
at org.testng.remote.RemoteTestNG.initAndRun(RemoteTestNG.java:251)
at org.testng.remote.RemoteTestNG.main(RemoteTestNG.java:77)
Caused by: com.microsoft.playwright.impl.DriverException: Error {
  message='Page closed
=========================== logs ===========================
waiting for locator("xpath=//*[@id='engineering-colleges-menu']")
============================================================
  name='Error
  stack='Error: Page closed
=========================== logs ===========================
waiting for locator("xpath=//*[@id='engineering-colleges-menu']")
============================================================
    at LongStandingScope._race (C:\Users\DIGITA~1\AppData\Local\Temp\playwright-java-6963494473526026391\package\lib\utils\manualPromise.js:96:51)
    at LongStandingScope.race (C:\Users\DIGITA~1\AppData\Local\Temp\playwright-java-6963494473526026391\package\lib\utils\manualPromise.js:87:17)
    at C:\Users\DIGITA~1\AppData\Local\Temp\playwright-java-6963494473526026391\package\lib\utils\manualPromise.js:84:43
    at Array.map (<anonymous>)
    at LongStandingScope.raceMultiple (C:\Users\DIGITA~1\AppData\Local\Temp\playwright-java-6963494473526026391\package\lib\utils\manualPromise.js:84:32)
    at Frame.retryWithProgressAndTimeouts (C:\Users\DIGITA~1\AppData\Local\Temp\playwright-java-6963494473526026391\package\lib\server\frames.js:907:40)
    at async ProgressController.run (C:\Users\DIGITA~1\AppData\Local\Temp\playwright-java-6963494473526026391\package\lib\server\progress.js:92:22)
    at async FrameDispatcher.innerText (C:\Users\DIGITA~1\AppData\Local\Temp\playwright-java-6963494473526026391\package\lib\server\dispatchers\frameDispatcher.js:182:14)
    at async DispatcherConnection.dispatch (C:\Users\DIGITA~1\AppData\Local\Temp\playwright-java-6963494473526026391\package\lib\server\dispatchers\dispatcher.js:313:22)
}
at com.microsoft.playwright.impl.Connection.dispatch(Connection.java:226)
at com.microsoft.playwright.impl.Connection.processOneMessage(Connection.java:206)
at com.microsoft.playwright.impl.ChannelOwner.runUntil(ChannelOwner.java:109)
... 37 more
]]>
    </failure>
  </testcase> <!-- engineering -->
  <testcase classname="org.collegesuggestproject.HomePage_HeaderSection" name="navigateToPrivateCollegeOfDental" time="0.0">
    <ignored/>
  </testcase> <!-- navigateToPrivateCollegeOfDental -->
  <testcase classname="org.collegesuggestproject.HomePage_HeaderSection" name="navigateToPrivateCollegeOfMedical" time="0.0">
    <ignored/>
  </testcase> <!-- navigateToPrivateCollegeOfMedical -->
  <testcase classname="org.collegesuggestproject.HomePage_HeaderSection" name="navigateToNitCollegeOfArchitecture" time="0.0">
    <ignored/>
  </testcase> <!-- navigateToNitCollegeOfArchitecture -->
  <testcase classname="org.collegesuggestproject.HomePage_HeaderSection" name="clickOnHeaderColleges" time="0.0">
    <ignored/>
  </testcase> <!-- clickOnHeaderColleges -->
  <testcase classname="org.collegesuggestproject.HomePage_HeaderSection" name="navigateToGftiCollegeOfEngineering" time="0.0">
    <ignored/>
  </testcase> <!-- navigateToGftiCollegeOfEngineering -->
  <testcase classname="org.collegesuggestproject.HomePage_HeaderSection" name="navigateToNitCollegeOfPharmacy" time="0.0">
    <ignored/>
  </testcase> <!-- navigateToNitCollegeOfPharmacy -->
</testsuite> <!-- Default test -->
